<?xml version="1.0" encoding="UTF-8"?>
<!-- Generated by org.testng.reporters.JUnitReportReporter -->
<testsuite hostname="M5422903" failures="0" tests="4" name="reporterPkg.TestWithScreenShot" time="4.305" errors="0" timestamp="2024-04-01T09:20:40 IST" skipped="0">
  <testcase classname="reporterPkg.TestWithScreenShot" name="TC4" time="0.013"/>
  <testcase classname="reporterPkg.TestWithScreenShot" name="TC3" time="4.279"/>
  <testcase classname="reporterPkg.TestWithScreenShot" name="TC2" time="0.005"/>
  <testcase classname="reporterPkg.TestWithScreenShot" name="TC1" time="0.008"/>
</testsuite> <!-- reporterPkg.TestWithScreenShot -->
