<?xml version="1.0" encoding="UTF-8"?>
<!-- Generated by org.testng.reporters.JUnitReportReporter -->
<testsuite hostname="M5422903" failures="0" tests="1" name="reporterPkg.GraphicalReporter" time="4.790" errors="0" timestamp="2023-10-26T08:49:45 IST" skipped="0">
  <testcase classname="reporterPkg.GraphicalReporter" name="extentReportsDemo" time="4.790"/>
</testsuite> <!-- reporterPkg.GraphicalReporter -->
