<?xml version="1.0" encoding="UTF-8"?>
<!-- Generated by org.testng.reporters.JUnitReportReporter -->
<testsuite hostname="M5422903" failures="0" tests="4" name="reporterPkg.MultipleTest" time="0.039" errors="0" timestamp="2024-04-01T09:00:28 IST" skipped="0">
  <testcase classname="reporterPkg.MultipleTest" name="loginTest" time="0.006"/>
  <testcase classname="reporterPkg.MultipleTest" name="inboxTest" time="0.008"/>
  <testcase classname="reporterPkg.MultipleTest" name="outboxTest" time="0.019"/>
  <testcase classname="reporterPkg.MultipleTest" name="logoutTest" time="0.006"/>
</testsuite> <!-- reporterPkg.MultipleTest -->
