<?xml version="1.0" encoding="UTF-8"?>
<!-- Generated by org.testng.reporters.JUnitReportReporter -->
<testsuite hostname="M5422903" failures="0" tests="4" name="reporterPkg.TestWithMultipleScreenShot" time="20.507" errors="0" timestamp="2024-04-01T09:29:59 IST" skipped="0">
  <testcase classname="reporterPkg.TestWithMultipleScreenShot" name="TC3" time="5.586"/>
  <testcase classname="reporterPkg.TestWithMultipleScreenShot" name="TC2" time="5.179"/>
  <testcase classname="reporterPkg.TestWithMultipleScreenShot" name="TC4" time="5.051"/>
  <testcase classname="reporterPkg.TestWithMultipleScreenShot" name="TC1" time="4.691"/>
</testsuite> <!-- reporterPkg.TestWithMultipleScreenShot -->
