<?xml version="1.0" encoding="UTF-8"?>
<!-- Generated by org.testng.reporters.JUnitReportReporter -->
<testsuite hostname="M5422903" failures="0" tests="1" name="reporterPkg.BasicTestNGConversion" time="0.008" errors="0" timestamp="2024-04-01T08:51:10 IST" skipped="0">
  <testcase classname="reporterPkg.BasicTestNGConversion" name="loginTest" time="0.008"/>
</testsuite> <!-- reporterPkg.BasicTestNGConversion -->
